<?xml version="1.0" encoding="UTF-8"?>
<!-- Generated by org.testng.reporters.JUnitReportReporter -->
<testsuite hostname="DESKTOP-0F2R76M" name="DemoTest.DemoTest.AmazonTest" tests="1" failures="0" timestamp="13 Jan 2018 09:04:17 GMT" time="17.888" errors="0">
  <testcase name="searchProduct" time="17.888" classname="DemoTest.DemoTest.AmazonTest"/>
</testsuite> <!-- DemoTest.DemoTest.AmazonTest -->
